<?xml version="1.0" encoding="UTF-8"?>
<!-- Generated by org.testng.reporters.JUnitXMLReporter -->
<testsuite ignored="0" hostname="LAPTOP-63TQIUAG" failures="0" tests="1" name="Default test" time="0.19" errors="0" timestamp="2024-01-11T23:36:54 IST">
  <testcase classname="coverFoxTest.varify_coverFox_massege_equalTo_displayed_banner" name="@BeforeClass pririquisiteOfCoverFox" time="0.029">
    <failure type="java.lang.Error" message="Unresolved compilation problem: 
	The method getLogger(String) is undefined for the type Logger
">
      <![CDATA[java.lang.Error: Unresolved compilation problem: 
The method getLogger(String) is undefined for the type Logger

at coverFoxTest.varify_coverFox_massege_equalTo_displayed_banner.pririquisiteOfCoverFox(varify_coverFox_massege_equalTo_displayed_banner.java:49)
at java.base/jdk.internal.reflect.NativeMethodAccessorImpl.invoke0(Native Method)
at java.base/jdk.internal.reflect.NativeMethodAccessorImpl.invoke(NativeMethodAccessorImpl.java:77)
at java.base/jdk.internal.reflect.DelegatingMethodAccessorImpl.invoke(DelegatingMethodAccessorImpl.java:43)
at java.base/java.lang.reflect.Method.invoke(Method.java:568)
at org.testng.internal.invokers.MethodInvocationHelper.invokeMethod(MethodInvocationHelper.java:139)
at org.testng.internal.invokers.MethodInvocationHelper.invokeMethodConsideringTimeout(MethodInvocationHelper.java:69)
at org.testng.internal.invokers.ConfigInvoker.invokeConfigurationMethod(ConfigInvoker.java:390)
at org.testng.internal.invokers.ConfigInvoker.invokeConfigurations(ConfigInvoker.java:325)
at org.testng.internal.invokers.TestMethodWorker.invokeBeforeClassMethods(TestMethodWorker.java:180)
at org.testng.internal.invokers.TestMethodWorker.run(TestMethodWorker.java:122)
at java.base/java.util.ArrayList.forEach(ArrayList.java:1511)
at org.testng.TestRunner.privateRun(TestRunner.java:848)
at org.testng.TestRunner.run(TestRunner.java:621)
at org.testng.SuiteRunner.runTest(SuiteRunner.java:443)
at org.testng.SuiteRunner.runSequentially(SuiteRunner.java:437)
at org.testng.SuiteRunner.privateRun(SuiteRunner.java:397)
at org.testng.SuiteRunner.run(SuiteRunner.java:336)
at org.testng.SuiteRunnerWorker.runSuite(SuiteRunnerWorker.java:52)
at org.testng.SuiteRunnerWorker.run(SuiteRunnerWorker.java:95)
at org.testng.TestNG.runSuitesSequentially(TestNG.java:1280)
at org.testng.TestNG.runSuitesLocally(TestNG.java:1200)
at org.testng.TestNG.runSuites(TestNG.java:1114)
at org.testng.TestNG.run(TestNG.java:1082)
at org.testng.remote.AbstractRemoteTestNG.run(AbstractRemoteTestNG.java:115)
at org.testng.remote.RemoteTestNG.initAndRun(RemoteTestNG.java:251)
at org.testng.remote.RemoteTestNG.main(RemoteTestNG.java:77)
]]>
    </failure>
  </testcase> <!-- @BeforeClass pririquisiteOfCoverFox -->
  <testcase classname="coverFoxTest.varify_coverFox_massege_equalTo_displayed_banner" name="@BeforeMethod details" time="0.0">
    <skipped/>
  </testcase> <!-- @BeforeMethod details -->
  <testcase classname="coverFoxTest.varify_coverFox_massege_equalTo_displayed_banner" name="a" time="0.0">
    <skipped/>
  </testcase> <!-- a -->
</testsuite> <!-- Default test -->
