<?xml version="1.0" encoding="UTF-8"?>
<testng-results ignored="0" total="1" passed="1" failed="0" skipped="0">
  <reporter-output>
    <line>
      <![CDATA[lunching the Browser]]>
    </line>
    <line>
      <![CDATA[validating actual and expected result]]>
    </line>
  </reporter-output>
  <suite started-at="2024-01-17T01:19:06 IST" name="Default suite" finished-at="2024-01-17T01:19:41 IST" duration-ms="35053">
    <groups>
    </groups>
    <test started-at="2024-01-17T01:19:06 IST" name="Default test" finished-at="2024-01-17T01:19:41 IST" duration-ms="35053">
      <class name="coverFoxTest.varify_coverFox_massege_equalTo_displayed_banner">
        <test-method is-config="true" signature="pririquisiteOfCoverFox()[pri:0, instance:coverFoxTest.varify_coverFox_massege_equalTo_displayed_banner@815b41f]" started-at="2024-01-17T01:19:06 IST" name="pririquisiteOfCoverFox" finished-at="2024-01-17T01:19:17 IST" duration-ms="10888" status="PASS">
          <reporter-output>
            <line>
              <![CDATA[lunching the Browser]]>
            </line>
          </reporter-output>
        </test-method> <!-- pririquisiteOfCoverFox -->
        <test-method is-config="true" signature="details()[pri:0, instance:coverFoxTest.varify_coverFox_massege_equalTo_displayed_banner@815b41f]" started-at="2024-01-17T01:19:17 IST" name="details" finished-at="2024-01-17T01:19:35 IST" duration-ms="17651" status="PASS">
          <reporter-output>
          </reporter-output>
        </test-method> <!-- details -->
        <test-method signature="a()[pri:0, instance:coverFoxTest.varify_coverFox_massege_equalTo_displayed_banner@815b41f]" started-at="2024-01-17T01:19:35 IST" name="a" finished-at="2024-01-17T01:19:41 IST" duration-ms="6399" status="PASS">
          <reporter-output>
            <line>
              <![CDATA[validating actual and expected result]]>
            </line>
          </reporter-output>
        </test-method> <!-- a -->
      </class> <!-- coverFoxTest.varify_coverFox_massege_equalTo_displayed_banner -->
    </test> <!-- Default test -->
  </suite> <!-- Default suite -->
</testng-results>
